# JRE version: Java(TM) SE Runtime Environment (8.0_92-b14) (build 1.8.0_92-b14)
# Java VM: Java HotSpot(TM) Client VM (25.92-b14 mixed mode windows-x86 )
Heap:
 def new generation   total 39424K, used 32657K [0x05000000, 0x07ac0000, 0x0faa0000)
  eden space 35072K,  92% used [0x05000000, 0x06fcfb28, 0x07240000)
  from space 4352K,   1% used [0x07680000, 0x07694c18, 0x07ac0000)
  to   space 4352K,   0% used [0x07240000, 0x07240000, 0x07680000)
 tenured generation   total 87424K, used 27445K [0x0faa0000, 0x15000000, 0x25000000)
   the space 87424K,  31% used [0x0faa0000, 0x1156d7a8, 0x1156d800, 0x15000000)
 Metaspace       used 18671K, capacity 19148K, committed 19200K, reserved 19840K
GC Heap History (10 events):
Event: 17468.458 GC heap before
{Heap before GC invocations=187 (full 1):
 def new generation   total 39424K, used 35199K [0x05000000, 0x07ac0000, 0x0faa0000)
  eden space 35072K, 100% used [0x05000000, 0x07240000, 0x07240000)
  from space 4352K,   2% used [0x07240000, 0x0725fe30, 0x07680000)
  to   space 4352K,   0% used [0x07680000, 0x07680000, 0x07ac0000)
 tenured generation   total 87424K, used 27406K [0x0faa0000, 0x15000000, 0x25000000)
   the space 87424K,  31% used [0x0faa0000, 0x11563a58, 0x11563c00, 0x15000000)
 Metaspace       used 18671K, capacity 19148K, committed 19200K, reserved 19840K
Event: 17468.460 GC heap after
Heap after GC invocations=188 (full 1):
 def new generation   total 39424K, used 167K [0x05000000, 0x07ac0000, 0x0faa0000)
  eden space 35072K,   0% used [0x05000000, 0x05000000, 0x07240000)
  from space 4352K,   3% used [0x07680000, 0x076a9e80, 0x07ac0000)
  to   space 4352K,   0% used [0x07240000, 0x07240000, 0x07680000)
 tenured generation   total 87424K, used 27408K [0x0faa0000, 0x15000000, 0x25000000)
   the space 87424K,  31% used [0x0faa0000, 0x115642b0, 0x11564400, 0x15000000)
 Metaspace       used 18671K, capacity 19148K, committed 19200K, reserved 19840K
}
Event: 17554.993 GC heap before
{Heap before GC invocations=188 (full 1):
 def new generation   total 39424K, used 35239K [0x05000000, 0x07ac0000, 0x0faa0000)
  eden space 35072K, 100% used [0x05000000, 0x07240000, 0x07240000)
  from space 4352K,   3% used [0x07680000, 0x076a9e80, 0x07ac0000)
  to   space 4352K,   0% used [0x07240000, 0x07240000, 0x07680000)
 tenured generation   total 87424K, used 27408K [0x0faa0000, 0x15000000, 0x25000000)
   the space 87424K,  31% used [0x0faa0000, 0x115642b0, 0x11564400, 0x15000000)
 Metaspace       used 18671K, capacity 19148K, committed 19200K, reserved 19840K
Event: 17554.995 GC heap after
Heap after GC invocations=189 (full 1):
 def new generation   total 39424K, used 140K [0x05000000, 0x07ac0000, 0x0faa0000)
  eden space 35072K,   0% used [0x05000000, 0x05000000, 0x07240000)
  from space 4352K,   3% used [0x07240000, 0x07263080, 0x07680000)
  to   space 4352K,   0% used [0x07680000, 0x07680000, 0x07ac0000)
 tenured generation   total 87424K, used 27409K [0x0faa0000, 0x15000000, 0x25000000)
   the space 87424K,  31% used [0x0faa0000, 0x11564638, 0x11564800, 0x15000000)
 Metaspace       used 18671K, capacity 19148K, committed 19200K, reserved 19840K
}
Event: 17658.626 GC heap before
{Heap before GC invocations=189 (full 1):
 def new generation   total 39424K, used 35212K [0x05000000, 0x07ac0000, 0x0faa0000)
  eden space 35072K, 100% used [0x05000000, 0x07240000, 0x07240000)
  from space 4352K,   3% used [0x07240000, 0x07263080, 0x07680000)
  to   space 4352K,   0% used [0x07680000, 0x07680000, 0x07ac0000)
 tenured generation   total 87424K, used 27409K [0x0faa0000, 0x15000000, 0x25000000)
   the space 87424K,  31% used [0x0faa0000, 0x11564638, 0x11564800, 0x15000000)
 Metaspace       used 18671K, capacity 19148K, committed 19200K, reserved 19840K
Event: 17658.628 GC heap after
Heap after GC invocations=190 (full 1):
 def new generation   total 39424K, used 141K [0x05000000, 0x07ac0000, 0x0faa0000)
  eden space 35072K,   0% used [0x05000000, 0x05000000, 0x07240000)
  from space 4352K,   3% used [0x07680000, 0x076a37c8, 0x07ac0000)
  to   space 4352K,   0% used [0x07240000, 0x07240000, 0x07680000)
 tenured generation   total 87424K, used 27413K [0x0faa0000, 0x15000000, 0x25000000)
   the space 87424K,  31% used [0x0faa0000, 0x11565560, 0x11565600, 0x15000000)
 Metaspace       used 18671K, capacity 19148K, committed 19200K, reserved 19840K
}
Event: 17768.006 GC heap before
{Heap before GC invocations=190 (full 1):
 def new generation   total 39424K, used 35213K [0x05000000, 0x07ac0000, 0x0faa0000)
  eden space 35072K, 100% used [0x05000000, 0x07240000, 0x07240000)
  from space 4352K,   3% used [0x07680000, 0x076a37c8, 0x07ac0000)
  to   space 4352K,   0% used [0x07240000, 0x07240000, 0x07680000)
 tenured generation   total 87424K, used 27413K [0x0faa0000, 0x15000000, 0x25000000)
   the space 87424K,  31% used [0x0faa0000, 0x11565560, 0x11565600, 0x15000000)
 Metaspace       used 18671K, capacity 19148K, committed 19200K, reserved 19840K
Event: 17768.008 GC heap after
Heap after GC invocations=191 (full 1):
 def new generation   total 39424K, used 128K [0x05000000, 0x07ac0000, 0x0faa0000)
  eden space 35072K,   0% used [0x05000000, 0x05000000, 0x07240000)
  from space 4352K,   2% used [0x07240000, 0x07260058, 0x07680000)
  to   space 4352K,   0% used [0x07680000, 0x07680000, 0x07ac0000)
 tenured generation   total 87424K, used 27427K [0x0faa0000, 0x15000000, 0x25000000)
   the space 87424K,  31% used [0x0faa0000, 0x11568f50, 0x11569000, 0x15000000)
 Metaspace       used 18671K, capacity 19148K, committed 19200K, reserved 19840K
}
Event: 17886.138 GC heap before
{Heap before GC invocations=191 (full 1):
 def new generation   total 39424K, used 35200K [0x05000000, 0x07ac0000, 0x0faa0000)
  eden space 35072K, 100% used [0x05000000, 0x07240000, 0x07240000)
  from space 4352K,   2% used [0x07240000, 0x07260058, 0x07680000)
  to   space 4352K,   0% used [0x07680000, 0x07680000, 0x07ac0000)
 tenured generation   total 87424K, used 27427K [0x0faa0000, 0x15000000, 0x25000000)
   the space 87424K,  31% used [0x0faa0000, 0x11568f50, 0x11569000, 0x15000000)
 Metaspace       used 18671K, capacity 19148K, committed 19200K, reserved 19840K
Event: 17886.139 GC heap after
Heap after GC invocations=192 (full 1):
 def new generation   total 39424K, used 83K [0x05000000, 0x07ac0000, 0x0faa0000)
  eden space 35072K,   0% used [0x05000000, 0x05000000, 0x07240000)
  from space 4352K,   1% used [0x07680000, 0x07694c18, 0x07ac0000)
  to   space 4352K,   0% used [0x07240000, 0x07240000, 0x07680000)
 tenured generation   total 87424K, used 27445K [0x0faa0000, 0x15000000, 0x25000000)
   the space 87424K,  31% used [0x0faa0000, 0x1156d7a8, 0x1156d800, 0x15000000)
 Metaspace       used 18671K, capacity 19148K, committed 19200K, reserved 19840K
}

